============================= test session starts =============================
platform win32 -- Python 3.13.2, pytest-9.1.1, pluggy-1.6.0 -- D:\63947\Documents\GitHub\Lumi\fastapi-backend\.venv\Scripts\python.exe
cachedir: .pytest_cache
benchmark: 5.3.0 (defaults: timer=time.perf_counter disable_gc=False min_rounds=5 min_time=0.000005 max_time=1.0 calibration_precision=10 warmup=False warmup_iterations=100000)
rootdir: D:\63947\Documents\GitHub\Lumi\tests
configfile: pytest.ini
plugins: anyio-4.14.2, locust-2.46.5, benchmark-5.3.0, mock-3.15.1
collecting ... collected 99 items

tests\tests\integration\performance_test.py::TestDatasetLoadingPerformance::test_doe_csv_load_time PASSED [  1%]
tests\tests\integration\performance_test.py::TestDatasetLoadingPerformance::test_large_csv_load_time PASSED [  2%]
tests\tests\integration\performance_test.py::TestPredictionPerformance::test_linear_regression_inference_time PASSED [  3%]
tests\tests\integration\performance_test.py::TestPredictionPerformance::test_preprocessing_pipeline_time PASSED [  4%]
tests\tests\integration\performance_test.py::TestApiResponsePerformance::test_health_endpoint_response_time FAILED [  5%]
tests\tests\integration\performance_test.py::TestApiResponsePerformance::test_energyhub_overview_response_time PASSED [  6%]
tests\tests\integration\performance_test.py::TestApiResponsePerformance::test_ecosim_response_time PASSED [  7%]
tests\tests\integration\performance_test.py::TestMapAggregationPerformance::test_province_aggregation_time PASSED [  8%]
tests\tests\integration\performance_test.py::TestMapAggregationPerformance::test_renewable_potential_computation_time PASSED [  9%]
tests\tests\integration\performance_test.py::TestRagRetrievalPerformance::test_faiss_search_time PASSED [ 10%]
tests\tests\integration\performance_test.py::TestRagRetrievalPerformance::test_chunk_filtering_time PASSED [ 11%]
tests\tests\integration\performance_test.py::TestMemoryPerformance::test_dataframe_memory_footprint PASSED [ 12%]
tests\tests\integration\performance_test.py::TestMemoryPerformance::test_faiss_index_memory_footprint PASSED [ 13%]
tests\tests\integration\test_api.py::TestHealthEndpoint::test_health_check_mock PASSED [ 14%]
tests\tests\integration\test_api.py::TestHealthEndpoint::test_health_check_live PASSED [ 15%]
tests\tests\integration\test_api.py::TestEnergyHubEndpoints::test_overview_status_code PASSED [ 16%]
tests\tests\integration\test_api.py::TestEnergyHubEndpoints::test_overview_response_keys PASSED [ 17%]
tests\tests\integration\test_api.py::TestEnergyHubEndpoints::test_forecast_metric_param PASSED [ 18%]
tests\tests\integration\test_api.py::TestEnergyHubEndpoints::test_trends_status_code PASSED [ 19%]
tests\tests\integration\test_api.py::TestEnergyHubEndpoints::test_map_data_status_code PASSED [ 20%]
tests\tests\integration\test_api.py::TestEnergyHubEndpoints::test_source_breakdown_status_code PASSED [ 21%]
tests\tests\integration\test_api.py::TestEnergyHubEndpoints::test_grid_breakdown_status_code PASSED [ 22%]
tests\tests\integration\test_api.py::TestEnergyHubEndpoints::test_invalid_metric_returns_error PASSED [ 23%]
tests\tests\integration\test_api.py::TestEcoSimEndpoints::test_get_ecosim_with_valid_params PASSED [ 24%]
tests\tests\integration\test_api.py::TestEcoSimEndpoints::test_get_ecosim_missing_params PASSED [ 25%]
tests\tests\integration\test_api.py::TestEcoSimEndpoints::test_get_ecosim_with_ai_flags PASSED [ 26%]
tests\tests\integration\test_api.py::TestEcoSimEndpoints::test_get_municipalities PASSED [ 27%]
tests\tests\integration\test_api.py::TestEcoSimEndpoints::test_post_ecosim PASSED [ 28%]
tests\tests\integration\test_api.py::TestEcoSimEndpoints::test_post_ecosim_invalid_body PASSED [ 29%]
tests\tests\integration\test_api.py::TestAuthEndpoints::test_protected_endpoint_without_token PASSED [ 30%]
tests\tests\integration\test_api.py::TestAuthEndpoints::test_auth_callback_exists PASSED [ 31%]
tests\tests\integration\test_api.py::TestAuthEndpoints::test_valid_jwt_access PASSED [ 32%]
tests\tests\integration\test_api.py::TestAuthEndpoints::test_expired_jwt_rejected PASSED [ 33%]
tests\tests\integration\test_api.py::TestForecastEndpoints::test_forecast_consumption_metric PASSED [ 34%]
tests\tests\integration\test_api.py::TestForecastEndpoints::test_forecast_invalid_metric PASSED [ 35%]
tests\tests\integration\test_api.py::TestEcoSimPost::test_post_ecosim_valid_municipality SKIPPED [ 36%]
tests\tests\integration\test_api.py::TestEcoSimPost::test_post_ecosim_invalid_municipality PASSED [ 37%]
tests\tests\integration\test_api.py::TestResponseSchema::test_all_responses_are_json PASSED [ 38%]
tests\tests\integration\test_api.py::TestResponseSchema::test_error_responses_have_detail SKIPPED [ 39%]
tests\tests\integration\test_database.py::TestSchemaExists::test_all_tables_exist SKIPPED [ 40%]
tests\tests\integration\test_database.py::TestSchemaExists::test_regional_lookup_view_exists SKIPPED [ 41%]
tests\tests\integration\test_database.py::TestSchemaExists::test_expected_indexes_exist SKIPPED [ 42%]
tests\tests\integration\test_database.py::TestRegionsCRUD::test_insert_region SKIPPED [ 43%]
tests\tests\integration\test_database.py::TestRegionsCRUD::test_select_region SKIPPED [ 44%]
tests\tests\integration\test_database.py::TestRegionsCRUD::test_update_region SKIPPED [ 45%]
tests\tests\integration\test_database.py::TestRegionsCRUD::test_delete_region SKIPPED [ 46%]
tests\tests\integration\test_database.py::TestProvincesCRUD::test_insert_province_with_valid_fk SKIPPED [ 47%]
tests\tests\integration\test_database.py::TestProvincesCRUD::test_insert_province_with_invalid_fk_fails SKIPPED [ 48%]
tests\tests\integration\test_database.py::TestMunicipalitiesCRUD::test_insert_municipality SKIPPED [ 49%]
tests\tests\integration\test_database.py::TestMunicipalitiesCRUD::test_delete_municipality_cascades_to_climate SKIPPED [ 50%]
tests\tests\integration\test_database.py::TestClimateDataCRUD::test_insert_climate_record SKIPPED [ 51%]
tests\tests\integration\test_database.py::TestClimateDataCRUD::test_month_constraint_valid SKIPPED [ 52%]
tests\tests\integration\test_database.py::TestClimateDataCRUD::test_month_constraint_invalid SKIPPED [ 53%]
tests\tests\integration\test_database.py::TestClimateDataCRUD::test_year_constraint_invalid SKIPPED [ 54%]
tests\tests\integration\test_database.py::TestHydropowerSuitabilityCRUD::test_insert_hydropower_record SKIPPED [ 55%]
tests\tests\integration\test_database.py::TestForeignKeyIntegrity::test_barangays_municipality_fk SKIPPED [ 56%]
tests\tests\integration\test_database.py::TestForeignKeyIntegrity::test_municipalities_province_fk SKIPPED [ 57%]
tests\tests\integration\test_database.py::TestForeignKeyIntegrity::test_provinces_region_fk SKIPPED [ 58%]
tests\tests\integration\test_database.py::TestForeignKeyIntegrity::test_hydropower_municipality_fk SKIPPED [ 59%]
tests\tests\integration\test_database.py::TestForeignKeyIntegrity::test_climate_municipality_fk SKIPPED [ 60%]
tests\tests\integration\test_database.py::TestRegionalLookupView::test_view_returns_rows SKIPPED [ 61%]
tests\tests\integration\test_database.py::TestRegionalLookupView::test_view_has_expected_columns SKIPPED [ 62%]
tests\tests\integration\test_database.py::TestRegionalLookupView::test_view_municipality_count_matches SKIPPED [ 63%]
tests\tests\integration\test_database.py::TestNullConstraints::test_regions_name_not_null SKIPPED [ 64%]
tests\tests\integration\test_database.py::TestNullConstraints::test_provinces_name_not_null SKIPPED [ 65%]
tests\tests\integration\test_database.py::TestNullConstraints::test_municipalities_name_not_null SKIPPED [ 66%]
tests\tests\integration\test_database.py::TestDataTypes::test_climate_t2m_is_double SKIPPED [ 67%]
tests\tests\integration\test_database.py::TestDataTypes::test_climate_year_is_smallint SKIPPED [ 68%]
tests\tests\integration\test_database.py::TestDataTypes::test_climate_month_check SKIPPED [ 69%]
tests\tests\integration\test_pipeline.py::TestDataLoading::test_load_returns_dataframe PASSED [ 70%]
tests\tests\integration\test_pipeline.py::TestDataLoading::test_load_has_required_columns PASSED [ 71%]
tests\tests\integration\test_pipeline.py::TestDataLoading::test_load_year_range PASSED [ 72%]
tests\tests\integration\test_pipeline.py::TestPreprocessing::test_no_missing_consumption PASSED [ 73%]
tests\tests\integration\test_pipeline.py::TestPreprocessing::test_years_are_sorted PASSED [ 74%]
tests\tests\integration\test_pipeline.py::TestPreprocessing::test_no_duplicate_years PASSED [ 75%]
tests\tests\integration\test_pipeline.py::TestPreprocessing::test_consumption_positive PASSED [ 76%]
tests\tests\integration\test_pipeline.py::TestFeatureEngineering::test_trend_feature_created PASSED [ 77%]
tests\tests\integration\test_pipeline.py::TestFeatureEngineering::test_lag_features_created PASSED [ 78%]
tests\tests\integration\test_pipeline.py::TestFeatureEngineering::test_rolling_mean_created PASSED [ 79%]
tests\tests\integration\test_pipeline.py::TestFeatureEngineering::test_yoy_growth_created PASSED [ 80%]
tests\tests\integration\test_pipeline.py::TestFeatureEngineering::test_featured_data_no_nan PASSED [ 81%]
tests\tests\integration\test_pipeline.py::TestModelTraining::test_model_exists PASSED [ 82%]
tests\tests\integration\test_pipeline.py::TestModelTraining::test_coefficient_positive PASSED [ 83%]
tests\tests\integration\test_pipeline.py::TestModelTraining::test_model_can_predict PASSED [ 84%]
tests\tests\integration\test_pipeline.py::TestForecastGeneration::test_forecast_has_6_years PASSED [ 85%]
tests\tests\integration\test_pipeline.py::TestForecastGeneration::test_forecast_years_correct PASSED [ 86%]
tests\tests\integration\test_pipeline.py::TestForecastGeneration::test_forecast_values_positive PASSED [ 87%]
tests\tests\integration\test_pipeline.py::TestForecastGeneration::test_confidence_intervals_ordered PASSED [ 88%]
tests\tests\integration\test_pipeline.py::TestForecastGeneration::test_forecast_monotonic_increasing PASSED [ 89%]
tests\tests\integration\test_pipeline.py::TestApiFormatting::test_response_is_dict PASSED [ 90%]
tests\tests\integration\test_pipeline.py::TestApiFormatting::test_response_has_forecast_array PASSED [ 91%]
tests\tests\integration\test_pipeline.py::TestApiFormatting::test_each_forecast_item_has_required_fields PASSED [ 92%]
tests\tests\integration\test_pipeline.py::TestApiFormatting::test_response_model_field PASSED [ 93%]
tests\tests\integration\test_pipeline.py::TestCompletePipeline::test_end_to_end_no_exceptions PASSED [ 94%]
tests\tests\integration\test_pipeline.py::TestCompletePipeline::test_output_consistency PASSED [ 95%]
tests\tests\integration\test_pipeline.py::TestFailureHandling::test_empty_dataframe_handling PASSED [ 96%]
tests\tests\integration\test_pipeline.py::TestFailureHandling::test_missing_consumption_column PASSED [ 97%]
tests\tests\integration\test_pipeline.py::TestFailureHandling::test_single_row_cannot_create_lag PASSED [ 98%]
tests\tests\integration\test_pipeline.py::TestFailureHandling::test_corrupted_csv_file PASSED [100%]

================================== FAILURES ===================================
________ TestApiResponsePerformance.test_health_endpoint_response_time ________
tests\tests\integration\performance_test.py:233: in test_health_endpoint_response_time
    assert elapsed_ms < 500, f"Health check took {elapsed_ms:.1f}ms"
E   AssertionError: Health check took 555.4ms
E   assert 555.355899999995 < 500
============================== warnings summary ===============================
fastapi-backend\.venv\Lib\site-packages\supabase\__init__.py:1
  D:\63947\Documents\GitHub\Lumi\fastapi-backend\.venv\Lib\site-packages\supabase\__init__.py:1: DeprecationWarning: The `gotrue` package is deprecated, is not going to receive updates in the future. Please, use `supabase_auth` instead.
    from gotrue.errors import (

fastapi-backend\main.py:81
  D:\63947\Documents\GitHub\Lumi\fastapi-backend\main.py:81: DeprecationWarning: 
          on_event is deprecated, use lifespan event handlers instead.
  
          Read more about it in the
          [FastAPI docs for Lifespan Events](https://fastapi.tiangolo.com/advanced/events/).
          
    @app.on_event("startup")

fastapi-backend\.venv\Lib\site-packages\fastapi\applications.py:4495
  D:\63947\Documents\GitHub\Lumi\fastapi-backend\.venv\Lib\site-packages\fastapi\applications.py:4495: DeprecationWarning: 
          on_event is deprecated, use lifespan event handlers instead.
  
          Read more about it in the
          [FastAPI docs for Lifespan Events](https://fastapi.tiangolo.com/advanced/events/).
          
    return self.router.on_event(event_type)

-- Docs: https://docs.pytest.org/en/stable/how-to/capture-warnings.html
=========================== short test summary info ===========================
FAILED tests\tests\integration\performance_test.py::TestApiResponsePerformance::test_health_endpoint_response_time
============ 1 failed, 66 passed, 32 skipped, 3 warnings in 59.43s ============
