============================= test session starts =============================
platform win32 -- Python 3.13.2, pytest-9.1.0, pluggy-1.6.0 -- C:\Users\Pixel-Tone\AppData\Local\Programs\Python\Python313\python.exe
cachedir: .pytest_cache
rootdir: C:\Users\Pixel-Tone\Documents\GitHub\Lumi\lumi_tests
configfile: pytest.ini
plugins: anyio-4.13.0, locust-2.46.4, asyncio-1.4.0, typeguard-4.5.2
asyncio: mode=Mode.STRICT, debug=False, asyncio_default_fixture_loop_scope=None, asyncio_default_test_loop_scope=function
collecting ... collected 176 items

tests/unit/test_ai_service.py::TestPromptConstruction::test_prompt_contains_simulation_data PASSED [  0%]
tests/unit/test_ai_service.py::TestPromptConstruction::test_prompt_contains_grounding_rules PASSED [  1%]
tests/unit/test_ai_service.py::TestPromptConstruction::test_prompt_contains_rag_context_when_provided PASSED [  1%]
tests/unit/test_ai_service.py::TestPromptConstruction::test_prompt_length_reasonable PASSED [  2%]
tests/unit/test_ai_service.py::TestJsonNormalization::test_valid_json_parses PASSED [  2%]
tests/unit/test_ai_service.py::TestJsonNormalization::test_invalid_json_missing_field PASSED [  3%]
tests/unit/test_ai_service.py::TestJsonNormalization::test_empty_string_is_invalid PASSED [  3%]
tests/unit/test_ai_service.py::TestJsonNormalization::test_json_with_extra_whitespace PASSED [  4%]
tests/unit/test_ai_service.py::TestJsonNormalization::test_malformed_json_handled PASSED [  5%]
tests/unit/test_ai_service.py::TestRagRetrievalMock::test_chunk_filtering_by_renewable_type PASSED [  5%]
tests/unit/test_ai_service.py::TestRagRetrievalMock::test_cosine_similarity_bounds PASSED [  6%]
tests/unit/test_ai_service.py::TestRagRetrievalMock::test_score_threshold_filtering PASSED [  6%]
tests/unit/test_ai_service.py::TestErrorHandling::test_missing_api_key_raises PASSED [  7%]
tests/unit/test_ai_service.py::TestErrorHandling::test_empty_api_response PASSED [  7%]
tests/unit/test_ai_service.py::TestErrorHandling::test_api_timeout_handling PASSED [  8%]
tests/unit/test_ai_service.py::TestErrorHandling::test_non_json_response PASSED [  9%]
tests/unit/test_ai_service.py::TestGeminiModuleImports::test_gemini_client_exists PASSED [  9%]
tests/unit/test_ai_service.py::TestGeminiModuleImports::test_rag_functions_exist PASSED [ 10%]
tests/unit/test_geothermal_calculations.py::TestHaversine::test_same_point PASSED [ 10%]
tests/unit/test_geothermal_calculations.py::TestHaversine::test_known_distance PASSED [ 11%]
tests/unit/test_geothermal_calculations.py::TestHaversine::test_symmetry PASSED [ 11%]
tests/unit/test_geothermal_calculations.py::TestHaversine::test_positive PASSED [ 12%]
tests/unit/test_geothermal_calculations.py::TestNormalize::test_midpoint PASSED [ 13%]
tests/unit/test_geothermal_calculations.py::TestNormalize::test_at_min PASSED [ 13%]
tests/unit/test_geothermal_calculations.py::TestNormalize::test_at_max PASSED [ 14%]
tests/unit/test_geothermal_calculations.py::TestNormalize::test_none_returns_zero PASSED [ 14%]
tests/unit/test_geothermal_calculations.py::TestNormalize::test_clamped_below PASSED [ 15%]
tests/unit/test_geothermal_calculations.py::TestNormalize::test_clamped_above PASSED [ 15%]
tests/unit/test_geothermal_calculations.py::TestNormalize::test_divide_by_zero PASSED [ 16%]
tests/unit/test_geothermal_calculations.py::TestFaultDistance::test_with_mock_faults PASSED [ 17%]
tests/unit/test_geothermal_calculations.py::TestFaultDistance::test_no_faults PASSED [ 17%]
tests/unit/test_geothermal_calculations.py::TestFaultDistance::test_none_faults_loads_from_file PASSED [ 18%]
tests/unit/test_geothermal_calculations.py::TestFaultDensity::test_typical PASSED [ 18%]
tests/unit/test_geothermal_calculations.py::TestFaultDensity::test_zero_area_returns_none PASSED [ 19%]
tests/unit/test_geothermal_calculations.py::TestFaultDensity::test_negative_area_returns_none PASSED [ 19%]
tests/unit/test_geothermal_calculations.py::TestFaultDensity::test_none_area_returns_none PASSED [ 20%]
tests/unit/test_geothermal_calculations.py::TestVolcanoDistance::test_with_mock_volcanoes PASSED [ 21%]
tests/unit/test_geothermal_calculations.py::TestVolcanoDistance::test_no_volcanoes PASSED [ 21%]
tests/unit/test_geothermal_calculations.py::TestHeatflowScore::test_none_returns_none PASSED [ 22%]
tests/unit/test_geothermal_calculations.py::TestHeatflowScore::test_midrange PASSED [ 22%]
tests/unit/test_geothermal_calculations.py::TestHeatflowScore::test_at_min PASSED [ 23%]
tests/unit/test_geothermal_calculations.py::TestHeatflowScore::test_at_max PASSED [ 23%]
tests/unit/test_geothermal_calculations.py::TestHeatflowScore::test_below_min_clamped PASSED [ 24%]
tests/unit/test_geothermal_calculations.py::TestHeatflowScore::test_above_max_clamped PASSED [ 25%]
tests/unit/test_geothermal_calculations.py::TestGeothermalGradient::test_none_returns_none PASSED [ 25%]
tests/unit/test_geothermal_calculations.py::TestGeothermalGradient::test_typical PASSED [ 26%]
tests/unit/test_geothermal_calculations.py::TestGeothermalGradient::test_lower_conductivity_higher_gradient PASSED [ 26%]
tests/unit/test_geothermal_calculations.py::TestGeothermalGradient::test_zero_conductivity_returns_none PASSED [ 27%]
tests/unit/test_geothermal_calculations.py::TestGeothermalGradient::test_negative_conductivity_returns_none PASSED [ 27%]
tests/unit/test_geothermal_calculations.py::TestReservoirTemperature::test_none_surface_temp PASSED [ 28%]
tests/unit/test_geothermal_calculations.py::TestReservoirTemperature::test_none_gradient PASSED [ 28%]
tests/unit/test_geothermal_calculations.py::TestReservoirTemperature::test_typical PASSED [ 29%]
tests/unit/test_geothermal_calculations.py::TestReservoirTemperature::test_shallower_depth PASSED [ 30%]
tests/unit/test_geothermal_calculations.py::TestReservoirTemperature::test_default_depth PASSED [ 30%]
tests/unit/test_geothermal_calculations.py::TestAquiferScore::test_none_inputs PASSED [ 31%]
tests/unit/test_geothermal_calculations.py::TestAquiferScore::test_typical PASSED [ 31%]
tests/unit/test_geothermal_calculations.py::TestAquiferScore::test_bounds PASSED [ 32%]
tests/unit/test_geothermal_calculations.py::TestAquiferScore::test_min_inputs PASSED [ 32%]
tests/unit/test_geothermal_calculations.py::TestEstimateFlowRate::test_none_inputs PASSED [ 33%]
tests/unit/test_geothermal_calculations.py::TestEstimateFlowRate::test_typical PASSED [ 34%]
tests/unit/test_geothermal_calculations.py::TestEstimateFlowRate::test_high_score_high_perm PASSED [ 34%]
tests/unit/test_geothermal_calculations.py::TestEstimateFlowRate::test_low_score_low_perm PASSED [ 35%]
tests/unit/test_geothermal_calculations.py::TestComputeGeothermalSuitability::test_with_mock_datasets PASSED [ 35%]
tests/unit/test_geothermal_calculations.py::TestComputeGeothermalSuitability::test_classification_high PASSED [ 36%]
tests/unit/test_geothermal_calculations.py::TestComputeGeothermalSuitability::test_classification_low PASSED [ 36%]
tests/unit/test_geothermal_calculations.py::TestComputeGeothermalSuitability::test_missing_surface_temp PASSED [ 37%]
tests/unit/test_geothermal_calculations.py::TestComputeGeothermalSuitability::test_fault_density_calculation PASSED [ 38%]
tests/unit/test_geothermal_calculations.py::TestComputeGeothermalOutput::test_typical_binary PASSED [ 38%]
tests/unit/test_geothermal_calculations.py::TestComputeGeothermalOutput::test_flash_plant PASSED [ 39%]
tests/unit/test_geothermal_calculations.py::TestComputeGeothermalOutput::test_missing_data_returns_insufficient PASSED [ 39%]
tests/unit/test_geothermal_calculations.py::TestComputeGeothermalOutput::test_fallback_temperature PASSED [ 40%]
tests/unit/test_geothermal_calculations.py::TestComputeGeothermalOutput::test_zero_delta_t_handling PASSED [ 40%]
tests/unit/test_geothermal_calculations.py::TestComputeGeothermalOutput::test_annual_energy_calculation PASSED [ 41%]
tests/unit/test_geothermal_calculations.py::TestComputeGeothermalOutput::test_confidence_with_fallback PASSED [ 42%]
tests/unit/test_ml_preprocessing.py::TestPreprocessEnergyData::test_forward_fill_missing PASSED [ 42%]
tests/unit/test_ml_preprocessing.py::TestPreprocessEnergyData::test_year_integer PASSED [ 43%]
tests/unit/test_ml_preprocessing.py::TestPreprocessEnergyData::test_consumption_float PASSED [ 43%]
tests/unit/test_ml_preprocessing.py::TestPreprocessEnergyData::test_shape_preserved PASSED [ 44%]
tests/unit/test_ml_preprocessing.py::TestPreprocessEnergyData::test_all_missing_column PASSED [ 44%]
tests/unit/test_ml_preprocessing.py::TestCreateTimeFeatures::test_trend_increases PASSED [ 45%]
tests/unit/test_ml_preprocessing.py::TestCreateTimeFeatures::test_lag_created PASSED [ 46%]
tests/unit/test_ml_preprocessing.py::TestCreateTimeFeatures::test_dropna_removes_first_row PASSED [ 46%]
tests/unit/test_ml_preprocessing.py::TestSplitTrainTest::test_correct_split_size PASSED [ 47%]
tests/unit/test_ml_preprocessing.py::TestSplitTrainTest::test_test_is_last_rows PASSED [ 47%]
tests/unit/test_ml_preprocessing.py::TestLinearTrendForecast::test_prediction_shape PASSED [ 48%]
tests/unit/test_ml_preprocessing.py::TestLinearTrendForecast::test_no_nan_outputs PASSED [ 48%]
tests/unit/test_ml_preprocessing.py::TestLinearTrendForecast::test_correct_datatype PASSED [ 49%]
tests/unit/test_ml_preprocessing.py::TestLinearTrendForecast::test_monotonic_increasing_trend PASSED [ 50%]
tests/unit/test_ml_preprocessing.py::TestCalculateMape::test_perfect_prediction PASSED [ 50%]
tests/unit/test_ml_preprocessing.py::TestCalculateMape::test_known_error PASSED [ 51%]
tests/unit/test_ml_preprocessing.py::TestCalculateMape::test_zero_true_value_excluded PASSED [ 51%]
tests/unit/test_ml_preprocessing.py::TestCalculateMape::test_all_zeros_returns_nan PASSED [ 52%]
tests/unit/test_ml_preprocessing.py::TestScikitLearnMetrics::test_mae PASSED [ 52%]
tests/unit/test_ml_preprocessing.py::TestScikitLearnMetrics::test_rmse PASSED [ 53%]
tests/unit/test_ml_preprocessing.py::TestScikitLearnMetrics::test_r2_perfect PASSED [ 53%]
tests/unit/test_ml_preprocessing.py::TestScikitLearnMetrics::test_r2_worse_than_mean PASSED [ 54%]
tests/unit/test_new_improvements.py::TestSafeJSONFormatter::test_format_without_request_fields PASSED [ 55%]
tests/unit/test_new_improvements.py::TestSafeJSONFormatter::test_format_with_request_fields PASSED [ 55%]
tests/unit/test_new_improvements.py::TestRateLimitMiddleware::test_allows_requests_under_limit PASSED [ 56%]
tests/unit/test_new_improvements.py::TestRateLimitMiddleware::test_blocks_after_limit PASSED [ 56%]
tests/unit/test_new_improvements.py::TestRateLimitMiddleware::test_extracts_x_forwarded_for PASSED [ 57%]
tests/unit/test_new_improvements.py::TestRateLimitMiddleware::test_skips_health_checks PASSED [ 57%]
tests/unit/test_new_improvements.py::TestRedisFallback::test_null_redis_async PASSED [ 58%]
tests/unit/test_new_improvements.py::TestRedisFallback::test_null_redis_async_await PASSED [ 59%]
tests/unit/test_new_improvements.py::TestRedisFallback::test_null_redis_sync PASSED [ 59%]
tests/unit/test_new_improvements.py::TestRedisFallback::test_is_redis_available_false_when_no_url PASSED [ 60%]
tests/unit/test_new_improvements.py::TestForecastingHelpers::test_calculate_metrics PASSED [ 60%]
tests/unit/test_new_improvements.py::TestForecastingHelpers::test_select_best_sarima_config PASSED [ 61%]
tests/unit/test_new_improvements.py::TestRAGReranking::test_keyword_score PASSED [ 61%]
tests/unit/test_new_improvements.py::TestRAGReranking::test_hybrid_score_boosts_renewable_type PASSED [ 62%]
tests/unit/test_new_improvements.py::TestRAGReranking::test_rerank_results PASSED [ 63%]
tests/unit/test_new_improvements.py::TestSettings::test_default_settings PASSED [ 63%]
tests/unit/test_new_improvements.py::TestSettings::test_redis_url_loaded PASSED [ 64%]
tests/unit/test_rag_embeddings_client.py::test_encode_single_returns_384d PASSED [ 64%]
tests/unit/test_rag_embeddings_client.py::test_encode_uses_redis_cache PASSED [ 65%]
tests/unit/test_rag_embeddings_client.py::test_encode_batch PASSED       [ 65%]
tests/unit/test_rag_embeddings_client.py::test_encode_openai PASSED      [ 66%]
tests/unit/test_rag_embeddings_client.py::test_unsupported_provider PASSED [ 67%]
tests/unit/test_rag_pgvector_store.py::test_retrieve_context_shape PASSED [ 67%]
tests/unit/test_rag_pgvector_store.py::test_retrieve_with_filter_passes_params PASSED [ 68%]
tests/unit/test_rag_pgvector_store.py::test_index_stats_count PASSED     [ 68%]
tests/unit/test_rag_pgvector_store.py::test_ensure_index_built_empty PASSED [ 69%]
tests/unit/test_rag_pgvector_store.py::test_ensure_index_built_ready PASSED [ 69%]
tests/unit/test_renewable_calculations.py::TestSolarTemperatureFactor::test_none_returns_one PASSED [ 70%]
tests/unit/test_renewable_calculations.py::TestSolarTemperatureFactor::test_reference_temp PASSED [ 71%]
tests/unit/test_renewable_calculations.py::TestSolarTemperatureFactor::test_hot_temp_reduces_factor PASSED [ 71%]
tests/unit/test_renewable_calculations.py::TestSolarTemperatureFactor::test_cold_temp_increases_factor PASSED [ 72%]
tests/unit/test_renewable_calculations.py::TestSolarTemperatureFactor::test_floor_at_zero PASSED [ 72%]
tests/unit/test_renewable_calculations.py::TestSolarDustLoss::test_none_returns_base PASSED [ 73%]
tests/unit/test_renewable_calculations.py::TestSolarDustLoss::test_moderate_wind PASSED [ 73%]
tests/unit/test_renewable_calculations.py::TestSolarDustLoss::test_high_wind_reduces_loss PASSED [ 74%]
tests/unit/test_renewable_calculations.py::TestSolarDustLoss::test_bounds PASSED [ 75%]
tests/unit/test_renewable_calculations.py::TestSolarHumidityDegradation::test_none_returns_base PASSED [ 75%]
tests/unit/test_renewable_calculations.py::TestSolarHumidityDegradation::test_low_humidity PASSED [ 76%]
tests/unit/test_renewable_calculations.py::TestSolarHumidityDegradation::test_high_humidity_reduces_degradation PASSED [ 76%]
tests/unit/test_renewable_calculations.py::TestSolarPerformanceRatio::test_default_params PASSED [ 77%]
tests/unit/test_renewable_calculations.py::TestSolarPerformanceRatio::test_zero_result_floored PASSED [ 77%]
tests/unit/test_renewable_calculations.py::TestSolarCalc::test_typical_scenario PASSED [ 78%]
tests/unit/test_renewable_calculations.py::TestSolarCalc::test_score_capped_at_100 PASSED [ 78%]
tests/unit/test_renewable_calculations.py::TestSolarCalc::test_zero_panels PASSED [ 79%]
tests/unit/test_renewable_calculations.py::TestWindLoadAverages::test_returns_dict_with_expected_keys PASSED [ 80%]
tests/unit/test_renewable_calculations.py::TestWindLoadAverages::test_avg_power_coefficient_within_betz PASSED [ 80%]
tests/unit/test_renewable_calculations.py::TestWindLoadAverages::test_avg_rotor_radius_positive PASSED [ 81%]
tests/unit/test_renewable_calculations.py::TestWindCalculateOutput::test_typical_scenario PASSED [ 81%]
tests/unit/test_renewable_calculations.py::TestWindCalculateOutput::test_power_proportional_to_cubed_wind_speed PASSED [ 82%]
tests/unit/test_renewable_calculations.py::TestWindCalculateOutput::test_invalid_rotor_radius_raises PASSED [ 82%]
tests/unit/test_renewable_calculations.py::TestWindCalculateOutput::test_invalid_wind_speed_raises PASSED [ 83%]
tests/unit/test_renewable_calculations.py::TestWindCalculateOutput::test_cp_exceeds_betz_raises PASSED [ 84%]
tests/unit/test_renewable_calculations.py::TestWindCalculateOutput::test_unrealistic_air_density_raises PASSED [ 84%]
tests/unit/test_renewable_calculations.py::TestWindCalculateOutput::test_capacity_factor_bounds PASSED [ 85%]
tests/unit/test_renewable_calculations.py::TestWindCalculateOutput::test_low_speed_scenario PASSED [ 85%]
tests/unit/test_renewable_calculations.py::TestHydroNormalize::test_midpoint PASSED [ 86%]
tests/unit/test_renewable_calculations.py::TestHydroNormalize::test_at_min PASSED [ 86%]
tests/unit/test_renewable_calculations.py::TestHydroNormalize::test_at_max PASSED [ 87%]
tests/unit/test_renewable_calculations.py::TestHydroNormalize::test_none_returns_zero PASSED [ 88%]
tests/unit/test_renewable_calculations.py::TestHydroNormalize::test_clamped_below_zero PASSED [ 88%]
tests/unit/test_renewable_calculations.py::TestHydroNormalize::test_clamped_above_one PASSED [ 89%]
tests/unit/test_renewable_calculations.py::TestHydroNormalize::test_divide_by_zero PASSED [ 89%]
tests/unit/test_renewable_calculations.py::TestHydroRunoffCoefficient::test_none_returns_default PASSED [ 90%]
tests/unit/test_renewable_calculations.py::TestHydroRunoffCoefficient::test_gentle_slope PASSED [ 90%]
tests/unit/test_renewable_calculations.py::TestHydroRunoffCoefficient::test_moderate_slope PASSED [ 91%]
tests/unit/test_renewable_calculations.py::TestHydroRunoffCoefficient::test_steep_slope PASSED [ 92%]
tests/unit/test_renewable_calculations.py::TestHydroRunoffCoefficient::test_very_steep PASSED [ 92%]
tests/unit/test_renewable_calculations.py::TestHydroFlowRate::test_typical_scenario PASSED [ 93%]
tests/unit/test_renewable_calculations.py::TestHydroFlowRate::test_zero_rainfall PASSED [ 93%]
tests/unit/test_renewable_calculations.py::TestHydroFlowRate::test_high_rainfall_steep_slope PASSED [ 94%]
tests/unit/test_renewable_calculations.py::TestHydroCalculate::test_typical_scenario PASSED [ 94%]
tests/unit/test_renewable_calculations.py::TestHydroCalculate::test_zero_flow PASSED [ 95%]
tests/unit/test_renewable_calculations.py::TestHydroCalculate::test_head_clamped PASSED [ 96%]
tests/unit/test_renewable_calculations.py::TestHydroCalculate::test_flow_clamped_to_max PASSED [ 96%]
tests/unit/test_renewable_calculations.py::TestHydroDischarge::test_typical PASSED [ 97%]
tests/unit/test_renewable_calculations.py::TestHydroDischarge::test_zero_rainfall PASSED [ 97%]
tests/unit/test_renewable_calculations.py::TestCalculateOptionSummary::test_solar_scenario PASSED [ 98%]
tests/unit/test_renewable_calculations.py::TestCalculateOptionSummary::test_zero_generation PASSED [ 98%]
tests/unit/test_renewable_calculations.py::TestCalculateOptionSummary::test_wind_scale PASSED [ 99%]
tests/unit/test_renewable_calculations.py::TestCalculateOptionSummary::test_geothermal_scale PASSED [100%]

============================== warnings summary ===============================
..\..\..\..\AppData\Local\Programs\Python\Python313\Lib\site-packages\supabase\__init__.py:1
  C:\Users\Pixel-Tone\AppData\Local\Programs\Python\Python313\Lib\site-packages\supabase\__init__.py:1: DeprecationWarning: The `gotrue` package is deprecated, is not going to receive updates in the future. Please, use `supabase_auth` instead.
    from gotrue.errors import (

tests/unit/test_new_improvements.py::TestForecastingHelpers::test_select_best_sarima_config
tests/unit/test_new_improvements.py::TestForecastingHelpers::test_select_best_sarima_config
tests/unit/test_new_improvements.py::TestForecastingHelpers::test_select_best_sarima_config
tests/unit/test_new_improvements.py::TestForecastingHelpers::test_select_best_sarima_config
tests/unit/test_new_improvements.py::TestForecastingHelpers::test_select_best_sarima_config
tests/unit/test_new_improvements.py::TestForecastingHelpers::test_select_best_sarima_config
  C:\Users\Pixel-Tone\AppData\Local\Programs\Python\Python313\Lib\site-packages\statsmodels\tsa\base\tsa_model.py:473: ValueWarning: An unsupported index was provided. As a result, forecasts cannot be generated. To use the model for forecasting, use one of the supported classes of index.
    self._init_dates(dates, freq)

tests/unit/test_new_improvements.py::TestForecastingHelpers::test_select_best_sarima_config
tests/unit/test_new_improvements.py::TestForecastingHelpers::test_select_best_sarima_config
  C:\Users\Pixel-Tone\AppData\Local\Programs\Python\Python313\Lib\site-packages\statsmodels\base\model.py:607: ConvergenceWarning: Maximum Likelihood optimization failed to converge. Check mle_retvals
    warnings.warn("Maximum Likelihood optimization failed to "

-- Docs: https://docs.pytest.org/en/stable/how-to/capture-warnings.html
====================== 176 passed, 9 warnings in 34.39s =======================
